2014-07-31 11:52:35,886 INFO - [org.springframework.test.context.TestContextManager] <Could not instantiate TestExecutionListener class [org.springframework.test.context.web.ServletTestExecutionListener]. Specify custom listener classes or make the default listener classes (and their dependencies) available.>
2014-07-31 11:52:36,107 INFO - [org.springframework.beans.factory.xml.XmlBeanDefinitionReader] <Loading XML bean definitions from class path resource [download-test-context.xml]>
2014-07-31 11:52:36,736 INFO - [org.springframework.beans.factory.xml.XmlBeanDefinitionReader] <Loading XML bean definitions from class path resource [launch-context.xml]>
2014-07-31 11:52:37,121 INFO - [org.springframework.beans.factory.xml.XmlBeanDefinitionReader] <Loading XML bean definitions from class path resource [META-INF/spring/download-context.xml]>
2014-07-31 11:52:37,442 INFO - [org.springframework.beans.factory.xml.XmlBeanDefinitionReader] <Loading XML bean definitions from class path resource [launch-context.xml]>
2014-07-31 11:52:37,640 INFO - [org.springframework.beans.factory.support.DefaultListableBeanFactory] <Overriding bean definition for bean 'jobLauncher': replacing [Generic bean: class [org.springframework.batch.core.launch.support.SimpleJobLauncher]; scope=; abstract=false; lazyInit=false; autowireMode=0; dependencyCheck=0; autowireCandidate=true; primary=false; factoryBeanName=null; factoryMethodName=null; initMethodName=null; destroyMethodName=null; defined in class path resource [launch-context.xml]] with [Generic bean: class [org.springframework.batch.core.launch.support.SimpleJobLauncher]; scope=; abstract=false; lazyInit=false; autowireMode=0; dependencyCheck=0; autowireCandidate=true; primary=false; factoryBeanName=null; factoryMethodName=null; initMethodName=null; destroyMethodName=null; defined in class path resource [launch-context.xml]]>
2014-07-31 11:52:37,641 INFO - [org.springframework.beans.factory.support.DefaultListableBeanFactory] <Overriding bean definition for bean 'taskExecutor': replacing [Generic bean: class [org.springframework.scheduling.concurrent.ThreadPoolTaskExecutor]; scope=; abstract=false; lazyInit=false; autowireMode=0; dependencyCheck=0; autowireCandidate=true; primary=false; factoryBeanName=null; factoryMethodName=null; initMethodName=null; destroyMethodName=null; defined in class path resource [launch-context.xml]] with [Generic bean: class [org.springframework.scheduling.concurrent.ThreadPoolTaskExecutor]; scope=; abstract=false; lazyInit=false; autowireMode=0; dependencyCheck=0; autowireCandidate=true; primary=false; factoryBeanName=null; factoryMethodName=null; initMethodName=null; destroyMethodName=null; defined in class path resource [launch-context.xml]]>
2014-07-31 11:52:37,642 INFO - [org.springframework.beans.factory.support.DefaultListableBeanFactory] <Overriding bean definition for bean 'dataSource': replacing [Generic bean: class [org.apache.commons.dbcp.BasicDataSource]; scope=; abstract=false; lazyInit=false; autowireMode=0; dependencyCheck=0; autowireCandidate=true; primary=false; factoryBeanName=null; factoryMethodName=null; initMethodName=null; destroyMethodName=null; defined in class path resource [launch-context.xml]] with [Generic bean: class [org.apache.commons.dbcp.BasicDataSource]; scope=; abstract=false; lazyInit=false; autowireMode=0; dependencyCheck=0; autowireCandidate=true; primary=false; factoryBeanName=null; factoryMethodName=null; initMethodName=null; destroyMethodName=null; defined in class path resource [launch-context.xml]]>
2014-07-31 11:52:37,643 INFO - [org.springframework.beans.factory.support.DefaultListableBeanFactory] <Overriding bean definition for bean 'transactionManager': replacing [Generic bean: class [org.springframework.jdbc.datasource.DataSourceTransactionManager]; scope=; abstract=false; lazyInit=true; autowireMode=0; dependencyCheck=0; autowireCandidate=true; primary=false; factoryBeanName=null; factoryMethodName=null; initMethodName=null; destroyMethodName=null; defined in class path resource [launch-context.xml]] with [Generic bean: class [org.springframework.jdbc.datasource.DataSourceTransactionManager]; scope=; abstract=false; lazyInit=true; autowireMode=0; dependencyCheck=0; autowireCandidate=true; primary=false; factoryBeanName=null; factoryMethodName=null; initMethodName=null; destroyMethodName=null; defined in class path resource [launch-context.xml]]>
2014-07-31 11:52:37,682 INFO - [org.springframework.beans.factory.support.DefaultListableBeanFactory] <Overriding bean definition for bean 'jobRepository': replacing [Generic bean: class [org.springframework.batch.core.repository.support.JobRepositoryFactoryBean]; scope=; abstract=false; lazyInit=false; autowireMode=0; dependencyCheck=0; autowireCandidate=true; primary=false; factoryBeanName=null; factoryMethodName=null; initMethodName=null; destroyMethodName=null] with [Generic bean: class [org.springframework.batch.core.repository.support.JobRepositoryFactoryBean]; scope=; abstract=false; lazyInit=false; autowireMode=0; dependencyCheck=0; autowireCandidate=true; primary=false; factoryBeanName=null; factoryMethodName=null; initMethodName=null; destroyMethodName=null]>
2014-07-31 11:52:37,734 INFO - [org.springframework.beans.factory.support.DefaultListableBeanFactory] <Overriding bean definition for bean 'downloadJob': replacing [Generic bean: class [org.springframework.batch.core.configuration.xml.SimpleFlowFactoryBean]; scope=; abstract=false; lazyInit=false; autowireMode=0; dependencyCheck=0; autowireCandidate=true; primary=false; factoryBeanName=null; factoryMethodName=null; initMethodName=null; destroyMethodName=null] with [Generic bean: class [org.springframework.batch.core.configuration.xml.JobParserJobFactoryBean]; scope=; abstract=false; lazyInit=false; autowireMode=0; dependencyCheck=0; autowireCandidate=true; primary=false; factoryBeanName=null; factoryMethodName=null; initMethodName=null; destroyMethodName=null]>
2014-07-31 11:52:37,764 INFO - [org.springframework.context.support.GenericApplicationContext] <Refreshing org.springframework.context.support.GenericApplicationContext@4cc39a20: startup date [Thu Jul 31 11:52:37 CEST 2014]; root of context hierarchy>
2014-07-31 11:52:37,955 INFO - [org.springframework.beans.factory.config.PropertyPlaceholderConfigurer] <Loading properties file from class path resource [batch.properties]>
2014-07-31 11:52:37,960 INFO - [org.springframework.beans.factory.config.PropertyPlaceholderConfigurer] <Loading properties file from class path resource [batch.properties]>
2014-07-31 11:52:37,974 INFO - [org.springframework.beans.factory.support.DefaultListableBeanFactory] <Overriding bean definition for bean 'partitioner': replacing [Generic bean: class [de.mpg.biochem.batch.PSICQUICServicePartitioner]; scope=step; abstract=false; lazyInit=false; autowireMode=0; dependencyCheck=0; autowireCandidate=false; primary=false; factoryBeanName=null; factoryMethodName=null; initMethodName=null; destroyMethodName=null; defined in class path resource [META-INF/spring/download-context.xml]] with [Root bean: class [org.springframework.aop.scope.ScopedProxyFactoryBean]; scope=; abstract=false; lazyInit=false; autowireMode=0; dependencyCheck=0; autowireCandidate=true; primary=false; factoryBeanName=null; factoryMethodName=null; initMethodName=null; destroyMethodName=null; defined in BeanDefinition defined in class path resource [META-INF/spring/download-context.xml]]>
2014-07-31 11:52:37,974 INFO - [org.springframework.beans.factory.support.DefaultListableBeanFactory] <Overriding bean definition for bean 'serviceItemReader': replacing [Generic bean: class [de.mpg.biochem.batch.io.ServiceItemReader]; scope=step; abstract=false; lazyInit=false; autowireMode=0; dependencyCheck=0; autowireCandidate=false; primary=false; factoryBeanName=null; factoryMethodName=null; initMethodName=null; destroyMethodName=null; defined in class path resource [META-INF/spring/download-context.xml]] with [Root bean: class [org.springframework.aop.scope.ScopedProxyFactoryBean]; scope=; abstract=false; lazyInit=false; autowireMode=0; dependencyCheck=0; autowireCandidate=true; primary=false; factoryBeanName=null; factoryMethodName=null; initMethodName=null; destroyMethodName=null; defined in BeanDefinition defined in class path resource [META-INF/spring/download-context.xml]]>
2014-07-31 11:52:37,975 INFO - [org.springframework.beans.factory.support.DefaultListableBeanFactory] <Overriding bean definition for bean 'flatFileItemWriter': replacing [Generic bean: class [org.springframework.batch.item.file.FlatFileItemWriter]; scope=step; abstract=false; lazyInit=false; autowireMode=0; dependencyCheck=0; autowireCandidate=false; primary=false; factoryBeanName=null; factoryMethodName=null; initMethodName=null; destroyMethodName=null; defined in class path resource [META-INF/spring/download-context.xml]] with [Root bean: class [org.springframework.aop.scope.ScopedProxyFactoryBean]; scope=; abstract=false; lazyInit=false; autowireMode=0; dependencyCheck=0; autowireCandidate=true; primary=false; factoryBeanName=null; factoryMethodName=null; initMethodName=null; destroyMethodName=null; defined in BeanDefinition defined in class path resource [META-INF/spring/download-context.xml]]>
2014-07-31 11:52:38,604 INFO - [org.springframework.scheduling.concurrent.ThreadPoolTaskExecutor] <Initializing ExecutorService  'taskExecutor'>
2014-07-31 11:52:38,657 INFO - [org.springframework.jdbc.datasource.init.ResourceDatabasePopulator] <Executing SQL script from class path resource [org/springframework/batch/core/schema-hsqldb.sql]>
2014-07-31 11:52:38,669 INFO - [org.springframework.jdbc.datasource.init.ResourceDatabasePopulator] <Done executing SQL script from class path resource [org/springframework/batch/core/schema-hsqldb.sql] in 12 ms.>
2014-07-31 11:52:38,690 INFO - [org.springframework.jdbc.datasource.init.ResourceDatabasePopulator] <Executing SQL script from class path resource [org/springframework/batch/core/schema-hsqldb.sql]>
2014-07-31 11:52:38,696 INFO - [org.springframework.scheduling.concurrent.ThreadPoolTaskExecutor] <Shutting down ExecutorService 'taskExecutor'>
2014-07-31 11:52:38,698 ERROR - [org.springframework.test.context.TestContextManager] <Caught exception while allowing TestExecutionListener [org.springframework.test.context.support.DependencyInjectionTestExecutionListener@43da850] to prepare test instance [de.mpg.biochem.DownloadTests@6bf51e5c]>
java.lang.IllegalStateException: Failed to load ApplicationContext
	at org.springframework.test.context.CacheAwareContextLoaderDelegate.loadContext(CacheAwareContextLoaderDelegate.java:99)
	at org.springframework.test.context.DefaultTestContext.getApplicationContext(DefaultTestContext.java:101)
	at org.springframework.test.context.support.DependencyInjectionTestExecutionListener.injectDependencies(DependencyInjectionTestExecutionListener.java:109)
	at org.springframework.test.context.support.DependencyInjectionTestExecutionListener.prepareTestInstance(DependencyInjectionTestExecutionListener.java:75)
	at org.springframework.test.context.TestContextManager.prepareTestInstance(TestContextManager.java:319)
	at org.springframework.test.context.junit4.SpringJUnit4ClassRunner.createTest(SpringJUnit4ClassRunner.java:212)
	at org.springframework.test.context.junit4.SpringJUnit4ClassRunner$1.runReflectiveCall(SpringJUnit4ClassRunner.java:289)
	at org.junit.internal.runners.model.ReflectiveCallable.run(ReflectiveCallable.java:15)
	at org.springframework.test.context.junit4.SpringJUnit4ClassRunner.methodBlock(SpringJUnit4ClassRunner.java:291)
	at org.springframework.test.context.junit4.SpringJUnit4ClassRunner.runChild(SpringJUnit4ClassRunner.java:232)
	at org.springframework.test.context.junit4.SpringJUnit4ClassRunner.runChild(SpringJUnit4ClassRunner.java:89)
	at org.junit.runners.ParentRunner$3.run(ParentRunner.java:193)
	at org.junit.runners.ParentRunner$1.schedule(ParentRunner.java:52)
	at org.junit.runners.ParentRunner.runChildren(ParentRunner.java:191)
	at org.junit.runners.ParentRunner.access$000(ParentRunner.java:42)
	at org.junit.runners.ParentRunner$2.evaluate(ParentRunner.java:184)
	at org.springframework.test.context.junit4.statements.RunBeforeTestClassCallbacks.evaluate(RunBeforeTestClassCallbacks.java:61)
	at org.springframework.test.context.junit4.statements.RunAfterTestClassCallbacks.evaluate(RunAfterTestClassCallbacks.java:71)
	at org.junit.runners.ParentRunner.run(ParentRunner.java:236)
	at org.springframework.test.context.junit4.SpringJUnit4ClassRunner.run(SpringJUnit4ClassRunner.java:175)
	at org.eclipse.jdt.internal.junit4.runner.JUnit4TestReference.run(JUnit4TestReference.java:50)
	at org.eclipse.jdt.internal.junit.runner.TestExecution.run(TestExecution.java:38)
	at org.eclipse.jdt.internal.junit.runner.RemoteTestRunner.runTests(RemoteTestRunner.java:467)
	at org.eclipse.jdt.internal.junit.runner.RemoteTestRunner.runTests(RemoteTestRunner.java:683)
	at org.eclipse.jdt.internal.junit.runner.RemoteTestRunner.run(RemoteTestRunner.java:390)
	at org.eclipse.jdt.internal.junit.runner.RemoteTestRunner.main(RemoteTestRunner.java:197)
Caused by: org.springframework.beans.factory.BeanCreationException: Error creating bean with name 'org.springframework.jdbc.datasource.init.DataSourceInitializer#1': Invocation of init method failed; nested exception is org.springframework.dao.DataAccessResourceFailureException: Failed to execute database script; nested exception is org.springframework.jdbc.datasource.init.ScriptStatementFailedException: Failed to execute SQL script statement at line 1 of resource class path resource [org/springframework/batch/core/schema-hsqldb.sql]: CREATE TABLE BATCH_JOB_INSTANCE ( JOB_INSTANCE_ID BIGINT IDENTITY NOT NULL PRIMARY KEY , VERSION BIGINT , JOB_NAME VARCHAR(100) NOT NULL, JOB_KEY VARCHAR(32) NOT NULL, constraint JOB_INST_UN unique (JOB_NAME, JOB_KEY) ) 
	at org.springframework.beans.factory.support.AbstractAutowireCapableBeanFactory.initializeBean(AbstractAutowireCapableBeanFactory.java:1553)
	at org.springframework.beans.factory.support.AbstractAutowireCapableBeanFactory.doCreateBean(AbstractAutowireCapableBeanFactory.java:539)
	at org.springframework.beans.factory.support.AbstractAutowireCapableBeanFactory.createBean(AbstractAutowireCapableBeanFactory.java:475)
	at org.springframework.beans.factory.support.AbstractBeanFactory$1.getObject(AbstractBeanFactory.java:304)
	at org.springframework.beans.factory.support.DefaultSingletonBeanRegistry.getSingleton(DefaultSingletonBeanRegistry.java:228)
	at org.springframework.beans.factory.support.AbstractBeanFactory.doGetBean(AbstractBeanFactory.java:300)
	at org.springframework.beans.factory.support.AbstractBeanFactory.getBean(AbstractBeanFactory.java:195)
	at org.springframework.beans.factory.support.DefaultListableBeanFactory.preInstantiateSingletons(DefaultListableBeanFactory.java:700)
	at org.springframework.context.support.AbstractApplicationContext.finishBeanFactoryInitialization(AbstractApplicationContext.java:760)
	at org.springframework.context.support.AbstractApplicationContext.refresh(AbstractApplicationContext.java:482)
	at org.springframework.test.context.support.AbstractGenericContextLoader.loadContext(AbstractGenericContextLoader.java:121)
	at org.springframework.test.context.support.AbstractGenericContextLoader.loadContext(AbstractGenericContextLoader.java:60)
	at org.springframework.test.context.support.AbstractDelegatingSmartContextLoader.delegateLoading(AbstractDelegatingSmartContextLoader.java:100)
	at org.springframework.test.context.support.AbstractDelegatingSmartContextLoader.loadContext(AbstractDelegatingSmartContextLoader.java:250)
	at org.springframework.test.context.CacheAwareContextLoaderDelegate.loadContextInternal(CacheAwareContextLoaderDelegate.java:64)
	at org.springframework.test.context.CacheAwareContextLoaderDelegate.loadContext(CacheAwareContextLoaderDelegate.java:91)
	... 25 more
Caused by: org.springframework.dao.DataAccessResourceFailureException: Failed to execute database script; nested exception is org.springframework.jdbc.datasource.init.ScriptStatementFailedException: Failed to execute SQL script statement at line 1 of resource class path resource [org/springframework/batch/core/schema-hsqldb.sql]: CREATE TABLE BATCH_JOB_INSTANCE ( JOB_INSTANCE_ID BIGINT IDENTITY NOT NULL PRIMARY KEY , VERSION BIGINT , JOB_NAME VARCHAR(100) NOT NULL, JOB_KEY VARCHAR(32) NOT NULL, constraint JOB_INST_UN unique (JOB_NAME, JOB_KEY) ) 
	at org.springframework.jdbc.datasource.init.DatabasePopulatorUtils.execute(DatabasePopulatorUtils.java:56)
	at org.springframework.jdbc.datasource.init.DataSourceInitializer.afterPropertiesSet(DataSourceInitializer.java:84)
	at org.springframework.beans.factory.support.AbstractAutowireCapableBeanFactory.invokeInitMethods(AbstractAutowireCapableBeanFactory.java:1612)
	at org.springframework.beans.factory.support.AbstractAutowireCapableBeanFactory.initializeBean(AbstractAutowireCapableBeanFactory.java:1549)
	... 40 more
Caused by: org.springframework.jdbc.datasource.init.ScriptStatementFailedException: Failed to execute SQL script statement at line 1 of resource class path resource [org/springframework/batch/core/schema-hsqldb.sql]: CREATE TABLE BATCH_JOB_INSTANCE ( JOB_INSTANCE_ID BIGINT IDENTITY NOT NULL PRIMARY KEY , VERSION BIGINT , JOB_NAME VARCHAR(100) NOT NULL, JOB_KEY VARCHAR(32) NOT NULL, constraint JOB_INST_UN unique (JOB_NAME, JOB_KEY) ) 
	at org.springframework.jdbc.datasource.init.ResourceDatabasePopulator.executeSqlScript(ResourceDatabasePopulator.java:202)
	at org.springframework.jdbc.datasource.init.ResourceDatabasePopulator.populate(ResourceDatabasePopulator.java:135)
	at org.springframework.jdbc.datasource.init.CompositeDatabasePopulator.populate(CompositeDatabasePopulator.java:56)
	at org.springframework.jdbc.datasource.init.DatabasePopulatorUtils.execute(DatabasePopulatorUtils.java:47)
	... 43 more
Caused by: java.sql.SQLException: Table already exists: BATCH_JOB_INSTANCE in statement [CREATE TABLE BATCH_JOB_INSTANCE]
	at org.hsqldb.jdbc.Util.sqlException(Unknown Source)
	at org.hsqldb.jdbc.jdbcStatement.fetchResult(Unknown Source)
	at org.hsqldb.jdbc.jdbcStatement.execute(Unknown Source)
	at org.apache.commons.dbcp.DelegatingStatement.execute(DelegatingStatement.java:264)
	at org.springframework.jdbc.datasource.init.ResourceDatabasePopulator.executeSqlScript(ResourceDatabasePopulator.java:187)
	... 46 more
2014-07-31 12:05:08,759 INFO - [org.springframework.test.context.TestContextManager] <Could not instantiate TestExecutionListener class [org.springframework.test.context.web.ServletTestExecutionListener]. Specify custom listener classes or make the default listener classes (and their dependencies) available.>
2014-07-31 12:05:09,000 INFO - [org.springframework.beans.factory.xml.XmlBeanDefinitionReader] <Loading XML bean definitions from class path resource [download-test-context.xml]>
2014-07-31 12:05:09,655 INFO - [org.springframework.beans.factory.xml.XmlBeanDefinitionReader] <Loading XML bean definitions from class path resource [launch-context.xml]>
2014-07-31 12:05:10,055 INFO - [org.springframework.beans.factory.xml.XmlBeanDefinitionReader] <Loading XML bean definitions from class path resource [META-INF/spring/download-context.xml]>
2014-07-31 12:05:10,370 INFO - [org.springframework.beans.factory.xml.XmlBeanDefinitionReader] <Loading XML bean definitions from class path resource [launch-context.xml]>
2014-07-31 12:05:10,675 INFO - [org.springframework.beans.factory.support.DefaultListableBeanFactory] <Overriding bean definition for bean 'jobLauncher': replacing [Generic bean: class [org.springframework.batch.core.launch.support.SimpleJobLauncher]; scope=; abstract=false; lazyInit=false; autowireMode=0; dependencyCheck=0; autowireCandidate=true; primary=false; factoryBeanName=null; factoryMethodName=null; initMethodName=null; destroyMethodName=null; defined in class path resource [launch-context.xml]] with [Generic bean: class [org.springframework.batch.core.launch.support.SimpleJobLauncher]; scope=; abstract=false; lazyInit=false; autowireMode=0; dependencyCheck=0; autowireCandidate=true; primary=false; factoryBeanName=null; factoryMethodName=null; initMethodName=null; destroyMethodName=null; defined in class path resource [launch-context.xml]]>
2014-07-31 12:05:10,676 INFO - [org.springframework.beans.factory.support.DefaultListableBeanFactory] <Overriding bean definition for bean 'taskExecutor': replacing [Generic bean: class [org.springframework.scheduling.concurrent.ThreadPoolTaskExecutor]; scope=; abstract=false; lazyInit=false; autowireMode=0; dependencyCheck=0; autowireCandidate=true; primary=false; factoryBeanName=null; factoryMethodName=null; initMethodName=null; destroyMethodName=null; defined in class path resource [launch-context.xml]] with [Generic bean: class [org.springframework.scheduling.concurrent.ThreadPoolTaskExecutor]; scope=; abstract=false; lazyInit=false; autowireMode=0; dependencyCheck=0; autowireCandidate=true; primary=false; factoryBeanName=null; factoryMethodName=null; initMethodName=null; destroyMethodName=null; defined in class path resource [launch-context.xml]]>
2014-07-31 12:05:10,677 INFO - [org.springframework.beans.factory.support.DefaultListableBeanFactory] <Overriding bean definition for bean 'jobRepository': replacing [Generic bean: class [org.springframework.batch.core.repository.support.JobRepositoryFactoryBean]; scope=; abstract=false; lazyInit=false; autowireMode=0; dependencyCheck=0; autowireCandidate=true; primary=false; factoryBeanName=null; factoryMethodName=null; initMethodName=null; destroyMethodName=null] with [Generic bean: class [org.springframework.batch.core.repository.support.JobRepositoryFactoryBean]; scope=; abstract=false; lazyInit=false; autowireMode=0; dependencyCheck=0; autowireCandidate=true; primary=false; factoryBeanName=null; factoryMethodName=null; initMethodName=null; destroyMethodName=null]>
2014-07-31 12:05:10,756 INFO - [org.springframework.beans.factory.support.DefaultListableBeanFactory] <Overriding bean definition for bean 'downloadJob': replacing [Generic bean: class [org.springframework.batch.core.configuration.xml.SimpleFlowFactoryBean]; scope=; abstract=false; lazyInit=false; autowireMode=0; dependencyCheck=0; autowireCandidate=true; primary=false; factoryBeanName=null; factoryMethodName=null; initMethodName=null; destroyMethodName=null] with [Generic bean: class [org.springframework.batch.core.configuration.xml.JobParserJobFactoryBean]; scope=; abstract=false; lazyInit=false; autowireMode=0; dependencyCheck=0; autowireCandidate=true; primary=false; factoryBeanName=null; factoryMethodName=null; initMethodName=null; destroyMethodName=null]>
2014-07-31 12:05:10,763 INFO - [org.springframework.context.support.GenericApplicationContext] <Refreshing org.springframework.context.support.GenericApplicationContext@3dbbd23f: startup date [Thu Jul 31 12:05:10 CEST 2014]; root of context hierarchy>
2014-07-31 12:05:10,931 INFO - [org.springframework.beans.factory.config.PropertyPlaceholderConfigurer] <Loading properties file from class path resource [batch.properties]>
2014-07-31 12:05:10,935 INFO - [org.springframework.beans.factory.config.PropertyPlaceholderConfigurer] <Loading properties file from class path resource [batch.properties]>
2014-07-31 12:05:10,949 INFO - [org.springframework.beans.factory.support.DefaultListableBeanFactory] <Overriding bean definition for bean 'partitioner': replacing [Generic bean: class [de.mpg.biochem.batch.PSICQUICServicePartitioner]; scope=step; abstract=false; lazyInit=false; autowireMode=0; dependencyCheck=0; autowireCandidate=false; primary=false; factoryBeanName=null; factoryMethodName=null; initMethodName=null; destroyMethodName=null; defined in class path resource [META-INF/spring/download-context.xml]] with [Root bean: class [org.springframework.aop.scope.ScopedProxyFactoryBean]; scope=; abstract=false; lazyInit=false; autowireMode=0; dependencyCheck=0; autowireCandidate=true; primary=false; factoryBeanName=null; factoryMethodName=null; initMethodName=null; destroyMethodName=null; defined in BeanDefinition defined in class path resource [META-INF/spring/download-context.xml]]>
2014-07-31 12:05:10,950 INFO - [org.springframework.beans.factory.support.DefaultListableBeanFactory] <Overriding bean definition for bean 'serviceItemReader': replacing [Generic bean: class [de.mpg.biochem.batch.io.ServiceItemReader]; scope=step; abstract=false; lazyInit=false; autowireMode=0; dependencyCheck=0; autowireCandidate=false; primary=false; factoryBeanName=null; factoryMethodName=null; initMethodName=null; destroyMethodName=null; defined in class path resource [META-INF/spring/download-context.xml]] with [Root bean: class [org.springframework.aop.scope.ScopedProxyFactoryBean]; scope=; abstract=false; lazyInit=false; autowireMode=0; dependencyCheck=0; autowireCandidate=true; primary=false; factoryBeanName=null; factoryMethodName=null; initMethodName=null; destroyMethodName=null; defined in BeanDefinition defined in class path resource [META-INF/spring/download-context.xml]]>
2014-07-31 12:05:10,951 INFO - [org.springframework.beans.factory.support.DefaultListableBeanFactory] <Overriding bean definition for bean 'flatFileItemWriter': replacing [Generic bean: class [org.springframework.batch.item.file.FlatFileItemWriter]; scope=step; abstract=false; lazyInit=false; autowireMode=0; dependencyCheck=0; autowireCandidate=false; primary=false; factoryBeanName=null; factoryMethodName=null; initMethodName=null; destroyMethodName=null; defined in class path resource [META-INF/spring/download-context.xml]] with [Root bean: class [org.springframework.aop.scope.ScopedProxyFactoryBean]; scope=; abstract=false; lazyInit=false; autowireMode=0; dependencyCheck=0; autowireCandidate=true; primary=false; factoryBeanName=null; factoryMethodName=null; initMethodName=null; destroyMethodName=null; defined in BeanDefinition defined in class path resource [META-INF/spring/download-context.xml]]>
2014-07-31 12:05:11,067 ERROR - [org.springframework.test.context.TestContextManager] <Caught exception while allowing TestExecutionListener [org.springframework.test.context.support.DependencyInjectionTestExecutionListener@4513e9fd] to prepare test instance [de.mpg.biochem.test.DownloadTests@1e670479]>
java.lang.IllegalStateException: Failed to load ApplicationContext
	at org.springframework.test.context.CacheAwareContextLoaderDelegate.loadContext(CacheAwareContextLoaderDelegate.java:99)
	at org.springframework.test.context.DefaultTestContext.getApplicationContext(DefaultTestContext.java:101)
	at org.springframework.test.context.support.DependencyInjectionTestExecutionListener.injectDependencies(DependencyInjectionTestExecutionListener.java:109)
	at org.springframework.test.context.support.DependencyInjectionTestExecutionListener.prepareTestInstance(DependencyInjectionTestExecutionListener.java:75)
	at org.springframework.test.context.TestContextManager.prepareTestInstance(TestContextManager.java:319)
	at org.springframework.test.context.junit4.SpringJUnit4ClassRunner.createTest(SpringJUnit4ClassRunner.java:212)
	at org.springframework.test.context.junit4.SpringJUnit4ClassRunner$1.runReflectiveCall(SpringJUnit4ClassRunner.java:289)
	at org.junit.internal.runners.model.ReflectiveCallable.run(ReflectiveCallable.java:15)
	at org.springframework.test.context.junit4.SpringJUnit4ClassRunner.methodBlock(SpringJUnit4ClassRunner.java:291)
	at org.springframework.test.context.junit4.SpringJUnit4ClassRunner.runChild(SpringJUnit4ClassRunner.java:232)
	at org.springframework.test.context.junit4.SpringJUnit4ClassRunner.runChild(SpringJUnit4ClassRunner.java:89)
	at org.junit.runners.ParentRunner$3.run(ParentRunner.java:193)
	at org.junit.runners.ParentRunner$1.schedule(ParentRunner.java:52)
	at org.junit.runners.ParentRunner.runChildren(ParentRunner.java:191)
	at org.junit.runners.ParentRunner.access$000(ParentRunner.java:42)
	at org.junit.runners.ParentRunner$2.evaluate(ParentRunner.java:184)
	at org.springframework.test.context.junit4.statements.RunBeforeTestClassCallbacks.evaluate(RunBeforeTestClassCallbacks.java:61)
	at org.springframework.test.context.junit4.statements.RunAfterTestClassCallbacks.evaluate(RunAfterTestClassCallbacks.java:71)
	at org.junit.runners.ParentRunner.run(ParentRunner.java:236)
	at org.springframework.test.context.junit4.SpringJUnit4ClassRunner.run(SpringJUnit4ClassRunner.java:175)
	at org.eclipse.jdt.internal.junit4.runner.JUnit4TestReference.run(JUnit4TestReference.java:50)
	at org.eclipse.jdt.internal.junit.runner.TestExecution.run(TestExecution.java:38)
	at org.eclipse.jdt.internal.junit.runner.RemoteTestRunner.runTests(RemoteTestRunner.java:467)
	at org.eclipse.jdt.internal.junit.runner.RemoteTestRunner.runTests(RemoteTestRunner.java:683)
	at org.eclipse.jdt.internal.junit.runner.RemoteTestRunner.run(RemoteTestRunner.java:390)
	at org.eclipse.jdt.internal.junit.runner.RemoteTestRunner.main(RemoteTestRunner.java:197)
Caused by: org.springframework.beans.factory.BeanCreationException: Error creating bean with name 'jobLauncher' defined in class path resource [launch-context.xml]: Cannot resolve reference to bean 'jobRepository' while setting bean property 'jobRepository'; nested exception is org.springframework.beans.factory.BeanCreationException: Error creating bean with name 'jobRepository': Cannot resolve reference to bean 'dataSource' while setting bean property 'dataSource'; nested exception is org.springframework.beans.factory.NoSuchBeanDefinitionException: No bean named 'dataSource' is defined
	at org.springframework.beans.factory.support.BeanDefinitionValueResolver.resolveReference(BeanDefinitionValueResolver.java:328)
	at org.springframework.beans.factory.support.BeanDefinitionValueResolver.resolveValueIfNecessary(BeanDefinitionValueResolver.java:107)
	at org.springframework.beans.factory.support.AbstractAutowireCapableBeanFactory.applyPropertyValues(AbstractAutowireCapableBeanFactory.java:1456)
	at org.springframework.beans.factory.support.AbstractAutowireCapableBeanFactory.populateBean(AbstractAutowireCapableBeanFactory.java:1197)
	at org.springframework.beans.factory.support.AbstractAutowireCapableBeanFactory.doCreateBean(AbstractAutowireCapableBeanFactory.java:537)
	at org.springframework.beans.factory.support.AbstractAutowireCapableBeanFactory.createBean(AbstractAutowireCapableBeanFactory.java:475)
	at org.springframework.beans.factory.support.AbstractBeanFactory$1.getObject(AbstractBeanFactory.java:304)
	at org.springframework.beans.factory.support.DefaultSingletonBeanRegistry.getSingleton(DefaultSingletonBeanRegistry.java:228)
	at org.springframework.beans.factory.support.AbstractBeanFactory.doGetBean(AbstractBeanFactory.java:300)
	at org.springframework.beans.factory.support.AbstractBeanFactory.getBean(AbstractBeanFactory.java:195)
	at org.springframework.beans.factory.support.DefaultListableBeanFactory.preInstantiateSingletons(DefaultListableBeanFactory.java:700)
	at org.springframework.context.support.AbstractApplicationContext.finishBeanFactoryInitialization(AbstractApplicationContext.java:760)
	at org.springframework.context.support.AbstractApplicationContext.refresh(AbstractApplicationContext.java:482)
	at org.springframework.test.context.support.AbstractGenericContextLoader.loadContext(AbstractGenericContextLoader.java:121)
	at org.springframework.test.context.support.AbstractGenericContextLoader.loadContext(AbstractGenericContextLoader.java:60)
	at org.springframework.test.context.support.AbstractDelegatingSmartContextLoader.delegateLoading(AbstractDelegatingSmartContextLoader.java:100)
	at org.springframework.test.context.support.AbstractDelegatingSmartContextLoader.loadContext(AbstractDelegatingSmartContextLoader.java:250)
	at org.springframework.test.context.CacheAwareContextLoaderDelegate.loadContextInternal(CacheAwareContextLoaderDelegate.java:64)
	at org.springframework.test.context.CacheAwareContextLoaderDelegate.loadContext(CacheAwareContextLoaderDelegate.java:91)
	... 25 more
Caused by: org.springframework.beans.factory.BeanCreationException: Error creating bean with name 'jobRepository': Cannot resolve reference to bean 'dataSource' while setting bean property 'dataSource'; nested exception is org.springframework.beans.factory.NoSuchBeanDefinitionException: No bean named 'dataSource' is defined
	at org.springframework.beans.factory.support.BeanDefinitionValueResolver.resolveReference(BeanDefinitionValueResolver.java:328)
	at org.springframework.beans.factory.support.BeanDefinitionValueResolver.resolveValueIfNecessary(BeanDefinitionValueResolver.java:107)
	at org.springframework.beans.factory.support.AbstractAutowireCapableBeanFactory.applyPropertyValues(AbstractAutowireCapableBeanFactory.java:1456)
	at org.springframework.beans.factory.support.AbstractAutowireCapableBeanFactory.populateBean(AbstractAutowireCapableBeanFactory.java:1197)
	at org.springframework.beans.factory.support.AbstractAutowireCapableBeanFactory.doCreateBean(AbstractAutowireCapableBeanFactory.java:537)
	at org.springframework.beans.factory.support.AbstractAutowireCapableBeanFactory.createBean(AbstractAutowireCapableBeanFactory.java:475)
	at org.springframework.beans.factory.support.AbstractBeanFactory$1.getObject(AbstractBeanFactory.java:304)
	at org.springframework.beans.factory.support.DefaultSingletonBeanRegistry.getSingleton(DefaultSingletonBeanRegistry.java:228)
	at org.springframework.beans.factory.support.AbstractBeanFactory.doGetBean(AbstractBeanFactory.java:300)
	at org.springframework.beans.factory.support.AbstractBeanFactory.getBean(AbstractBeanFactory.java:195)
	at org.springframework.beans.factory.support.BeanDefinitionValueResolver.resolveReference(BeanDefinitionValueResolver.java:320)
	... 43 more
Caused by: org.springframework.beans.factory.NoSuchBeanDefinitionException: No bean named 'dataSource' is defined
	at org.springframework.beans.factory.support.DefaultListableBeanFactory.getBeanDefinition(DefaultListableBeanFactory.java:638)
	at org.springframework.beans.factory.support.AbstractBeanFactory.getMergedLocalBeanDefinition(AbstractBeanFactory.java:1159)
	at org.springframework.beans.factory.support.AbstractBeanFactory.doGetBean(AbstractBeanFactory.java:282)
	at org.springframework.beans.factory.support.AbstractBeanFactory.getBean(AbstractBeanFactory.java:195)
	at org.springframework.beans.factory.support.BeanDefinitionValueResolver.resolveReference(BeanDefinitionValueResolver.java:320)
	... 53 more
2014-07-31 12:48:10,154 INFO - [org.springframework.test.context.TestContextManager] <Could not instantiate TestExecutionListener class [org.springframework.test.context.web.ServletTestExecutionListener]. Specify custom listener classes or make the default listener classes (and their dependencies) available.>
2014-07-31 12:48:10,658 INFO - [org.springframework.beans.factory.xml.XmlBeanDefinitionReader] <Loading XML bean definitions from class path resource [download-test-context.xml]>
2014-07-31 12:48:11,490 INFO - [org.springframework.beans.factory.xml.XmlBeanDefinitionReader] <Loading XML bean definitions from class path resource [launch-context.xml]>
2014-07-31 12:48:11,769 INFO - [org.springframework.beans.factory.xml.XmlBeanDefinitionReader] <Loading XML bean definitions from class path resource [META-INF/spring/download-context.xml]>
2014-07-31 12:48:12,209 INFO - [org.springframework.beans.factory.xml.XmlBeanDefinitionReader] <Loading XML bean definitions from class path resource [launch-context.xml]>
2014-07-31 12:48:12,449 INFO - [org.springframework.beans.factory.support.DefaultListableBeanFactory] <Overriding bean definition for bean 'jobLauncher': replacing [Generic bean: class [org.springframework.batch.core.launch.support.SimpleJobLauncher]; scope=; abstract=false; lazyInit=false; autowireMode=0; dependencyCheck=0; autowireCandidate=true; primary=false; factoryBeanName=null; factoryMethodName=null; initMethodName=null; destroyMethodName=null; defined in class path resource [launch-context.xml]] with [Generic bean: class [org.springframework.batch.core.launch.support.SimpleJobLauncher]; scope=; abstract=false; lazyInit=false; autowireMode=0; dependencyCheck=0; autowireCandidate=true; primary=false; factoryBeanName=null; factoryMethodName=null; initMethodName=null; destroyMethodName=null; defined in class path resource [launch-context.xml]]>
2014-07-31 12:48:12,450 INFO - [org.springframework.beans.factory.support.DefaultListableBeanFactory] <Overriding bean definition for bean 'taskExecutor': replacing [Generic bean: class [org.springframework.scheduling.concurrent.ThreadPoolTaskExecutor]; scope=; abstract=false; lazyInit=false; autowireMode=0; dependencyCheck=0; autowireCandidate=true; primary=false; factoryBeanName=null; factoryMethodName=null; initMethodName=null; destroyMethodName=null; defined in class path resource [launch-context.xml]] with [Generic bean: class [org.springframework.scheduling.concurrent.ThreadPoolTaskExecutor]; scope=; abstract=false; lazyInit=false; autowireMode=0; dependencyCheck=0; autowireCandidate=true; primary=false; factoryBeanName=null; factoryMethodName=null; initMethodName=null; destroyMethodName=null; defined in class path resource [launch-context.xml]]>
2014-07-31 12:48:12,451 INFO - [org.springframework.beans.factory.support.DefaultListableBeanFactory] <Overriding bean definition for bean 'jobRepository': replacing [Generic bean: class [org.springframework.batch.core.repository.support.MapJobRepositoryFactoryBean]; scope=; abstract=false; lazyInit=false; autowireMode=0; dependencyCheck=0; autowireCandidate=true; primary=false; factoryBeanName=null; factoryMethodName=null; initMethodName=null; destroyMethodName=null; defined in class path resource [launch-context.xml]] with [Generic bean: class [org.springframework.batch.core.repository.support.MapJobRepositoryFactoryBean]; scope=; abstract=false; lazyInit=false; autowireMode=0; dependencyCheck=0; autowireCandidate=true; primary=false; factoryBeanName=null; factoryMethodName=null; initMethodName=null; destroyMethodName=null; defined in class path resource [launch-context.xml]]>
2014-07-31 12:48:12,452 INFO - [org.springframework.beans.factory.support.DefaultListableBeanFactory] <Overriding bean definition for bean 'transactionManager': replacing [Generic bean: class [org.springframework.batch.support.transaction.ResourcelessTransactionManager]; scope=; abstract=false; lazyInit=false; autowireMode=0; dependencyCheck=0; autowireCandidate=true; primary=false; factoryBeanName=null; factoryMethodName=null; initMethodName=null; destroyMethodName=null; defined in class path resource [launch-context.xml]] with [Generic bean: class [org.springframework.batch.support.transaction.ResourcelessTransactionManager]; scope=; abstract=false; lazyInit=false; autowireMode=0; dependencyCheck=0; autowireCandidate=true; primary=false; factoryBeanName=null; factoryMethodName=null; initMethodName=null; destroyMethodName=null; defined in class path resource [launch-context.xml]]>
2014-07-31 12:48:12,586 INFO - [org.springframework.beans.factory.support.DefaultListableBeanFactory] <Overriding bean definition for bean 'downloadJob': replacing [Generic bean: class [org.springframework.batch.core.configuration.xml.SimpleFlowFactoryBean]; scope=; abstract=false; lazyInit=false; autowireMode=0; dependencyCheck=0; autowireCandidate=true; primary=false; factoryBeanName=null; factoryMethodName=null; initMethodName=null; destroyMethodName=null] with [Generic bean: class [org.springframework.batch.core.configuration.xml.JobParserJobFactoryBean]; scope=; abstract=false; lazyInit=false; autowireMode=0; dependencyCheck=0; autowireCandidate=true; primary=false; factoryBeanName=null; factoryMethodName=null; initMethodName=null; destroyMethodName=null]>
2014-07-31 12:48:12,597 INFO - [org.springframework.context.support.GenericApplicationContext] <Refreshing org.springframework.context.support.GenericApplicationContext@75e845c2: startup date [Thu Jul 31 12:48:12 CEST 2014]; root of context hierarchy>
2014-07-31 12:48:12,823 INFO - [org.springframework.beans.factory.config.PropertyPlaceholderConfigurer] <Loading properties file from class path resource [batch.properties]>
2014-07-31 12:48:12,915 INFO - [org.springframework.beans.factory.config.PropertyPlaceholderConfigurer] <Loading properties file from class path resource [batch.properties]>
2014-07-31 12:48:12,933 INFO - [org.springframework.beans.factory.support.DefaultListableBeanFactory] <Overriding bean definition for bean 'partitioner': replacing [Generic bean: class [de.mpg.biochem.batch.PSICQUICServicePartitioner]; scope=step; abstract=false; lazyInit=false; autowireMode=0; dependencyCheck=0; autowireCandidate=false; primary=false; factoryBeanName=null; factoryMethodName=null; initMethodName=null; destroyMethodName=null; defined in class path resource [META-INF/spring/download-context.xml]] with [Root bean: class [org.springframework.aop.scope.ScopedProxyFactoryBean]; scope=; abstract=false; lazyInit=false; autowireMode=0; dependencyCheck=0; autowireCandidate=true; primary=false; factoryBeanName=null; factoryMethodName=null; initMethodName=null; destroyMethodName=null; defined in BeanDefinition defined in class path resource [META-INF/spring/download-context.xml]]>
2014-07-31 12:48:12,934 INFO - [org.springframework.beans.factory.support.DefaultListableBeanFactory] <Overriding bean definition for bean 'serviceItemReader': replacing [Generic bean: class [de.mpg.biochem.batch.io.ServiceItemReader]; scope=step; abstract=false; lazyInit=false; autowireMode=0; dependencyCheck=0; autowireCandidate=false; primary=false; factoryBeanName=null; factoryMethodName=null; initMethodName=null; destroyMethodName=null; defined in class path resource [META-INF/spring/download-context.xml]] with [Root bean: class [org.springframework.aop.scope.ScopedProxyFactoryBean]; scope=; abstract=false; lazyInit=false; autowireMode=0; dependencyCheck=0; autowireCandidate=true; primary=false; factoryBeanName=null; factoryMethodName=null; initMethodName=null; destroyMethodName=null; defined in BeanDefinition defined in class path resource [META-INF/spring/download-context.xml]]>
2014-07-31 12:48:12,936 INFO - [org.springframework.beans.factory.support.DefaultListableBeanFactory] <Overriding bean definition for bean 'flatFileItemWriter': replacing [Generic bean: class [org.springframework.batch.item.file.FlatFileItemWriter]; scope=step; abstract=false; lazyInit=false; autowireMode=0; dependencyCheck=0; autowireCandidate=false; primary=false; factoryBeanName=null; factoryMethodName=null; initMethodName=null; destroyMethodName=null; defined in class path resource [META-INF/spring/download-context.xml]] with [Root bean: class [org.springframework.aop.scope.ScopedProxyFactoryBean]; scope=; abstract=false; lazyInit=false; autowireMode=0; dependencyCheck=0; autowireCandidate=true; primary=false; factoryBeanName=null; factoryMethodName=null; initMethodName=null; destroyMethodName=null; defined in BeanDefinition defined in class path resource [META-INF/spring/download-context.xml]]>
2014-07-31 12:48:13,330 INFO - [org.springframework.scheduling.concurrent.ThreadPoolTaskExecutor] <Initializing ExecutorService  'taskExecutor'>
2014-07-31 12:48:14,389 INFO - [org.springframework.context.support.GenericApplicationContext] <Closing org.springframework.context.support.GenericApplicationContext@75e845c2: startup date [Thu Jul 31 12:48:12 CEST 2014]; root of context hierarchy>
2014-07-31 12:48:14,420 WARN - [org.springframework.beans.factory.support.DisposableBeanAdapter] <Invocation of destroy method 'save' failed on bean with name 'serviceHandler': java.lang.NullPointerException>
2014-07-31 12:48:14,421 INFO - [org.springframework.scheduling.concurrent.ThreadPoolTaskExecutor] <Shutting down ExecutorService 'taskExecutor'>
